<?xml version="1.0" encoding="UTF-8"?>
<TestRun id="9569f4e8-79db-4e89-ac95-99052783ee8b" name="trev@FETA 2011-07-02 18:21:45" runUser="FETA\trev" xmlns="http://microsoft.com/schemas/VisualStudio/TeamTest/2010">
  <TestSettings name="Local" id="8bedddba-33ee-432a-b41b-9b674dfa1c65">
    <Description>These are default test settings for a local test run.</Description>
    <Deployment enabled="false" runDeploymentRoot="trev_FETA 2011-07-02 18_21_45">
      <DeploymentItem filename="D:\trev\Dev\dev4good\CharityPortal\CharityPortal.Data\bin\Debug\CharityPortal.Data.dll" />
    </Deployment>
    <Execution>
      <TestTypeSpecific />
      <AgentRule name="Execution Agents">
      </AgentRule>
    </Execution>
  </TestSettings>
  <Times creation="2011-07-02T18:21:45.6792013+01:00" queuing="2011-07-02T18:21:45.6882018+01:00" start="2011-07-02T18:21:45.7092030+01:00" finish="2011-07-02T18:21:46.0432221+01:00" />
  <ResultSummary outcome="Failed">
    <Counters total="1" executed="1" error="0" failed="1" timeout="0" aborted="0" inconclusive="0" passedButRunAborted="0" notRunnable="0" notExecuted="0" disconnected="0" warning="0" passed="0" completed="0" inProgress="0" pending="0" />
  </ResultSummary>
  <TestDefinitions>
    <UnitTest name="PopulateTags" storage="d:\trev\dev\dev4good\charityportal\charityportal.testdata\bin\debug\charityportal.testdata.dll" id="4166881a-df80-eea0-950d-3d0ec29af059">
      <Execution id="80ec0194-cca6-4364-9936-42ac1175111d" />
      <TestMethod codeBase="D:/trev/Dev/dev4good/CharityPortal/CharityPortal.TestData/bin/Debug/CharityPortal.TestData.DLL" adapterTypeName="Microsoft.VisualStudio.TestTools.TestTypes.Unit.UnitTestAdapter, Microsoft.VisualStudio.QualityTools.Tips.UnitTest.Adapter, Version=10.0.0.0, Culture=neutral, PublicKeyToken=b03f5f7f11d50a3a" className="CharityPortal.DataPopulation.DataPopulation, CharityPortal.TestData, Version=1.0.0.0, Culture=neutral, PublicKeyToken=null" name="PopulateTags" />
      <DataSource connectionString="Driver={Microsoft Excel Driver (*.xls)};DriverId=790;Dbq=dev4good_charityportal_testdata.xls;DefaultDir=." providerInvariantName="System.Data.Odbc" tableName="Tag" />
    </UnitTest>
  </TestDefinitions>
  <TestLists>
    <TestList name="Results Not in a List" id="8c84fa94-04c1-424b-9868-57a2d4851a1d" />
    <TestList name="All Loaded Results" id="19431567-8539-422a-85d7-44ee4e166bda" />
  </TestLists>
  <TestEntries>
    <TestEntry testId="4166881a-df80-eea0-950d-3d0ec29af059" executionId="80ec0194-cca6-4364-9936-42ac1175111d" testListId="8c84fa94-04c1-424b-9868-57a2d4851a1d" />
  </TestEntries>
  <Results>
    <UnitTestResult executionId="80ec0194-cca6-4364-9936-42ac1175111d" testId="4166881a-df80-eea0-950d-3d0ec29af059" testName="PopulateTags" computerName="FETA" startTime="2011-07-02T18:21:45.7112031+01:00" endTime="2011-07-02T18:21:46.0202208+01:00" testType="13cdc9d9-ddb5-4fa4-a97d-d965ccfc6d4b" outcome="Failed" testListId="8c84fa94-04c1-424b-9868-57a2d4851a1d" relativeResultsDirectory="80ec0194-cca6-4364-9936-42ac1175111d" resultType="DataDrivenTest">
      <Output>
        <ErrorInfo>
          <Message>The unit test adapter failed to connect to the data source or to read the data. For more information on troubleshooting this error, see "Troubleshooting Data-Driven Unit Tests" (http://go.microsoft.com/fwlink/?LinkId=62412) in the MSDN Library.
Error details: ERROR [42S02] [Microsoft][ODBC Excel Driver] The Microsoft Jet database engine could not find the object 'Tag'.  Make sure the object exists and that you spell its name and the path name correctly.</Message>
        </ErrorInfo>
      </Output>
    </UnitTestResult>
  </Results>
</TestRun>